[2024-04-17 08:18:12] local.ERROR: No application encryption key has been specified. {"exception":"[object] (Illuminate\\Encryption\\MissingAppKeyException(code: 0): No application encryption key has been specified. at C:\\Users\\Administrateur\\Desktop\\m2i-learning\\vendor\\laravel\\framework\\src\\Illuminate\\Encryption\\EncryptionServiceProvider.php:83)
[stacktrace]
#0 C:\\Users\\Administrateur\\Desktop\\m2i-learning\\vendor\\laravel\\framework\\src\\Illuminate\\Support\\helpers.php(359): Illuminate\\Encryption\\EncryptionServiceProvider->Illuminate\\Encryption\\{closure}()
#1 C:\\Users\\Administrateur\\Desktop\\m2i-learning\\vendor\\laravel\\framework\\src\\Illuminate\\Encryption\\EncryptionServiceProvider.php(81): tap()
#2 C:\\Users\\Administrateur\\Desktop\\m2i-learning\\vendor\\laravel\\framework\\src\\Illuminate\\Encryption\\EncryptionServiceProvider.php(64): Illuminate\\Encryption\\EncryptionServiceProvider->key()
#3 C:\\Users\\Administrateur\\Desktop\\m2i-learning\\vendor\\laravel\\framework\\src\\Illuminate\\Encryption\\EncryptionServiceProvider.php(32): Illuminate\\Encryption\\EncryptionServiceProvider->parseKey()
#4 C:\\Users\\Administrateur\\Desktop\\m2i-learning\\vendor\\laravel\\framework\\src\\Illuminate\\Container\\Container.php(900): Illuminate\\Encryption\\EncryptionServiceProvider->Illuminate\\Encryption\\{closure}()
#5 C:\\Users\\Administrateur\\Desktop\\m2i-learning\\vendor\\laravel\\framework\\src\\Illuminate\\Container\\Container.php(787): Illuminate\\Container\\Container->build()
#6 C:\\Users\\Administrateur\\Desktop\\m2i-learning\\vendor\\laravel\\framework\\src\\Illuminate\\Foundation\\Application.php(1026): Illuminate\\Container\\Container->resolve()
#7 C:\\Users\\Administrateur\\Desktop\\m2i-learning\\vendor\\laravel\\framework\\src\\Illuminate\\Container\\Container.php(723): Illuminate\\Foundation\\Application->resolve()
#8 C:\\Users\\Administrateur\\Desktop\\m2i-learning\\vendor\\laravel\\framework\\src\\Illuminate\\Foundation\\Application.php(1011): Illuminate\\Container\\Container->make()
#9 C:\\Users\\Administrateur\\Desktop\\m2i-learning\\vendor\\laravel\\framework\\src\\Illuminate\\Container\\Container.php(1058): Illuminate\\Foundation\\Application->make()
#10 C:\\Users\\Administrateur\\Desktop\\m2i-learning\\vendor\\laravel\\framework\\src\\Illuminate\\Container\\Container.php(974): Illuminate\\Container\\Container->resolveClass()
#11 C:\\Users\\Administrateur\\Desktop\\m2i-learning\\vendor\\laravel\\framework\\src\\Illuminate\\Container\\Container.php(935): Illuminate\\Container\\Container->resolveDependencies()
#12 C:\\Users\\Administrateur\\Desktop\\m2i-learning\\vendor\\laravel\\framework\\src\\Illuminate\\Container\\Container.php(787): Illuminate\\Container\\Container->build()
#13 C:\\Users\\Administrateur\\Desktop\\m2i-learning\\vendor\\laravel\\framework\\src\\Illuminate\\Foundation\\Application.php(1026): Illuminate\\Container\\Container->resolve()
#14 C:\\Users\\Administrateur\\Desktop\\m2i-learning\\vendor\\laravel\\framework\\src\\Illuminate\\Container\\Container.php(723): Illuminate\\Foundation\\Application->resolve()
#15 C:\\Users\\Administrateur\\Desktop\\m2i-learning\\vendor\\laravel\\framework\\src\\Illuminate\\Foundation\\Application.php(1011): Illuminate\\Container\\Container->make()
#16 C:\\Users\\Administrateur\\Desktop\\m2i-learning\\vendor\\laravel\\framework\\src\\Illuminate\\Pipeline\\Pipeline.php(172): Illuminate\\Foundation\\Application->make()
#17 C:\\Users\\Administrateur\\Desktop\\m2i-learning\\vendor\\laravel\\framework\\src\\Illuminate\\Pipeline\\Pipeline.php(119): Illuminate\\Pipeline\\Pipeline->Illuminate\\Pipeline\\{closure}()
#18 C:\\Users\\Administrateur\\Desktop\\m2i-learning\\vendor\\laravel\\framework\\src\\Illuminate\\Routing\\Router.php(805): Illuminate\\Pipeline\\Pipeline->then()
#19 C:\\Users\\Administrateur\\Desktop\\m2i-learning\\vendor\\laravel\\framework\\src\\Illuminate\\Routing\\Router.php(784): Illuminate\\Routing\\Router->runRouteWithinStack()
#20 C:\\Users\\Administrateur\\Desktop\\m2i-learning\\vendor\\laravel\\framework\\src\\Illuminate\\Routing\\Router.php(748): Illuminate\\Routing\\Router->runRoute()
#21 C:\\Users\\Administrateur\\Desktop\\m2i-learning\\vendor\\laravel\\framework\\src\\Illuminate\\Routing\\Router.php(737): Illuminate\\Routing\\Router->dispatchToRoute()
#22 C:\\Users\\Administrateur\\Desktop\\m2i-learning\\vendor\\laravel\\framework\\src\\Illuminate\\Foundation\\Http\\Kernel.php(200): Illuminate\\Routing\\Router->dispatch()
#23 C:\\Users\\Administrateur\\Desktop\\m2i-learning\\vendor\\laravel\\framework\\src\\Illuminate\\Pipeline\\Pipeline.php(144): Illuminate\\Foundation\\Http\\Kernel->Illuminate\\Foundation\\Http\\{closure}()
#24 C:\\Users\\Administrateur\\Desktop\\m2i-learning\\vendor\\laravel\\framework\\src\\Illuminate\\Foundation\\Http\\Middleware\\TransformsRequest.php(21): Illuminate\\Pipeline\\Pipeline->Illuminate\\Pipeline\\{closure}()
#25 C:\\Users\\Administrateur\\Desktop\\m2i-learning\\vendor\\laravel\\framework\\src\\Illuminate\\Foundation\\Http\\Middleware\\ConvertEmptyStringsToNull.php(31): Illuminate\\Foundation\\Http\\Middleware\\TransformsRequest->handle()
#26 C:\\Users\\Administrateur\\Desktop\\m2i-learning\\vendor\\laravel\\framework\\src\\Illuminate\\Pipeline\\Pipeline.php(183): Illuminate\\Foundation\\Http\\Middleware\\ConvertEmptyStringsToNull->handle()
#27 C:\\Users\\Administrateur\\Desktop\\m2i-learning\\vendor\\laravel\\framework\\src\\Illuminate\\Foundation\\Http\\Middleware\\TransformsRequest.php(21): Illuminate\\Pipeline\\Pipeline->Illuminate\\Pipeline\\{closure}()
#28 C:\\Users\\Administrateur\\Desktop\\m2i-learning\\vendor\\laravel\\framework\\src\\Illuminate\\Foundation\\Http\\Middleware\\TrimStrings.php(51): Illuminate\\Foundation\\Http\\Middleware\\TransformsRequest->handle()
#29 C:\\Users\\Administrateur\\Desktop\\m2i-learning\\vendor\\laravel\\framework\\src\\Illuminate\\Pipeline\\Pipeline.php(183): Illuminate\\Foundation\\Http\\Middleware\\TrimStrings->handle()
#30 C:\\Users\\Administrateur\\Desktop\\m2i-learning\\vendor\\laravel\\framework\\src\\Illuminate\\Http\\Middleware\\ValidatePostSize.php(27): Illuminate\\Pipeline\\Pipeline->Illuminate\\Pipeline\\{closure}()
#31 C:\\Users\\Administrateur\\Desktop\\m2i-learning\\vendor\\laravel\\framework\\src\\Illuminate\\Pipeline\\Pipeline.php(183): Illuminate\\Http\\Middleware\\ValidatePostSize->handle()
#32 C:\\Users\\Administrateur\\Desktop\\m2i-learning\\vendor\\laravel\\framework\\src\\Illuminate\\Foundation\\Http\\Middleware\\PreventRequestsDuringMaintenance.php(110): Illuminate\\Pipeline\\Pipeline->Illuminate\\Pipeline\\{closure}()
#33 C:\\Users\\Administrateur\\Desktop\\m2i-learning\\vendor\\laravel\\framework\\src\\Illuminate\\Pipeline\\Pipeline.php(183): Illuminate\\Foundation\\Http\\Middleware\\PreventRequestsDuringMaintenance->handle()
#34 C:\\Users\\Administrateur\\Desktop\\m2i-learning\\vendor\\laravel\\framework\\src\\Illuminate\\Http\\Middleware\\HandleCors.php(49): Illuminate\\Pipeline\\Pipeline->Illuminate\\Pipeline\\{closure}()
#35 C:\\Users\\Administrateur\\Desktop\\m2i-learning\\vendor\\laravel\\framework\\src\\Illuminate\\Pipeline\\Pipeline.php(183): Illuminate\\Http\\Middleware\\HandleCors->handle()
#36 C:\\Users\\Administrateur\\Desktop\\m2i-learning\\vendor\\laravel\\framework\\src\\Illuminate\\Http\\Middleware\\TrustProxies.php(57): Illuminate\\Pipeline\\Pipeline->Illuminate\\Pipeline\\{closure}()
#37 C:\\Users\\Administrateur\\Desktop\\m2i-learning\\vendor\\laravel\\framework\\src\\Illuminate\\Pipeline\\Pipeline.php(183): Illuminate\\Http\\Middleware\\TrustProxies->handle()
#38 C:\\Users\\Administrateur\\Desktop\\m2i-learning\\vendor\\laravel\\framework\\src\\Illuminate\\Pipeline\\Pipeline.php(119): Illuminate\\Pipeline\\Pipeline->Illuminate\\Pipeline\\{closure}()
#39 C:\\Users\\Administrateur\\Desktop\\m2i-learning\\vendor\\laravel\\framework\\src\\Illuminate\\Foundation\\Http\\Kernel.php(175): Illuminate\\Pipeline\\Pipeline->then()
#40 C:\\Users\\Administrateur\\Desktop\\m2i-learning\\vendor\\laravel\\framework\\src\\Illuminate\\Foundation\\Http\\Kernel.php(144): Illuminate\\Foundation\\Http\\Kernel->sendRequestThroughRouter()
#41 C:\\Users\\Administrateur\\Desktop\\m2i-learning\\vendor\\laravel\\framework\\src\\Illuminate\\Foundation\\Application.php(1168): Illuminate\\Foundation\\Http\\Kernel->handle()
#42 C:\\Users\\Administrateur\\Desktop\\m2i-learning\\public\\index.php(17): Illuminate\\Foundation\\Application->handleRequest()
#43 C:\\Users\\Administrateur\\Desktop\\m2i-learning\\vendor\\laravel\\framework\\src\\Illuminate\\Foundation\\resources\\server.php(16): require_once('...')
#44 {main}
"} 
[2024-04-17 08:18:12] local.ERROR: No application encryption key has been specified. {"exception":"[object] (Illuminate\\Encryption\\MissingAppKeyException(code: 0): No application encryption key has been specified. at C:\\Users\\Administrateur\\Desktop\\m2i-learning\\vendor\\laravel\\framework\\src\\Illuminate\\Encryption\\EncryptionServiceProvider.php:83)
[stacktrace]
#0 C:\\Users\\Administrateur\\Desktop\\m2i-learning\\vendor\\laravel\\framework\\src\\Illuminate\\Support\\helpers.php(359): Illuminate\\Encryption\\EncryptionServiceProvider->Illuminate\\Encryption\\{closure}()
#1 C:\\Users\\Administrateur\\Desktop\\m2i-learning\\vendor\\laravel\\framework\\src\\Illuminate\\Encryption\\EncryptionServiceProvider.php(81): tap()
#2 C:\\Users\\Administrateur\\Desktop\\m2i-learning\\vendor\\laravel\\framework\\src\\Illuminate\\Encryption\\EncryptionServiceProvider.php(64): Illuminate\\Encryption\\EncryptionServiceProvider->key()
#3 C:\\Users\\Administrateur\\Desktop\\m2i-learning\\vendor\\laravel\\framework\\src\\Illuminate\\Encryption\\EncryptionServiceProvider.php(32): Illuminate\\Encryption\\EncryptionServiceProvider->parseKey()
#4 C:\\Users\\Administrateur\\Desktop\\m2i-learning\\vendor\\laravel\\framework\\src\\Illuminate\\Container\\Container.php(900): Illuminate\\Encryption\\EncryptionServiceProvider->Illuminate\\Encryption\\{closure}()
#5 C:\\Users\\Administrateur\\Desktop\\m2i-learning\\vendor\\laravel\\framework\\src\\Illuminate\\Container\\Container.php(787): Illuminate\\Container\\Container->build()
#6 C:\\Users\\Administrateur\\Desktop\\m2i-learning\\vendor\\laravel\\framework\\src\\Illuminate\\Foundation\\Application.php(1026): Illuminate\\Container\\Container->resolve()
#7 C:\\Users\\Administrateur\\Desktop\\m2i-learning\\vendor\\laravel\\framework\\src\\Illuminate\\Container\\Container.php(723): Illuminate\\Foundation\\Application->resolve()
#8 C:\\Users\\Administrateur\\Desktop\\m2i-learning\\vendor\\laravel\\framework\\src\\Illuminate\\Foundation\\Application.php(1011): Illuminate\\Container\\Container->make()
#9 C:\\Users\\Administrateur\\Desktop\\m2i-learning\\vendor\\laravel\\framework\\src\\Illuminate\\Container\\Container.php(1058): Illuminate\\Foundation\\Application->make()
#10 C:\\Users\\Administrateur\\Desktop\\m2i-learning\\vendor\\laravel\\framework\\src\\Illuminate\\Container\\Container.php(974): Illuminate\\Container\\Container->resolveClass()
#11 C:\\Users\\Administrateur\\Desktop\\m2i-learning\\vendor\\laravel\\framework\\src\\Illuminate\\Container\\Container.php(935): Illuminate\\Container\\Container->resolveDependencies()
#12 C:\\Users\\Administrateur\\Desktop\\m2i-learning\\vendor\\laravel\\framework\\src\\Illuminate\\Container\\Container.php(787): Illuminate\\Container\\Container->build()
#13 C:\\Users\\Administrateur\\Desktop\\m2i-learning\\vendor\\laravel\\framework\\src\\Illuminate\\Foundation\\Application.php(1026): Illuminate\\Container\\Container->resolve()
#14 C:\\Users\\Administrateur\\Desktop\\m2i-learning\\vendor\\laravel\\framework\\src\\Illuminate\\Container\\Container.php(723): Illuminate\\Foundation\\Application->resolve()
#15 C:\\Users\\Administrateur\\Desktop\\m2i-learning\\vendor\\laravel\\framework\\src\\Illuminate\\Foundation\\Application.php(1011): Illuminate\\Container\\Container->make()
#16 C:\\Users\\Administrateur\\Desktop\\m2i-learning\\vendor\\laravel\\framework\\src\\Illuminate\\Foundation\\Http\\Kernel.php(255): Illuminate\\Foundation\\Application->make()
#17 C:\\Users\\Administrateur\\Desktop\\m2i-learning\\vendor\\laravel\\framework\\src\\Illuminate\\Foundation\\Http\\Kernel.php(213): Illuminate\\Foundation\\Http\\Kernel->terminateMiddleware()
#18 C:\\Users\\Administrateur\\Desktop\\m2i-learning\\vendor\\laravel\\framework\\src\\Illuminate\\Foundation\\Application.php(1170): Illuminate\\Foundation\\Http\\Kernel->terminate()
#19 C:\\Users\\Administrateur\\Desktop\\m2i-learning\\public\\index.php(17): Illuminate\\Foundation\\Application->handleRequest()
#20 C:\\Users\\Administrateur\\Desktop\\m2i-learning\\vendor\\laravel\\framework\\src\\Illuminate\\Foundation\\resources\\server.php(16): require_once('...')
#21 {main}
"} 
[2024-04-17 10:11:26] local.ERROR: SQLSTATE[22007]: Invalid datetime format: 1292 Incorrect datetime value: '2024-04-17T00:00:00Z' for column 'start' at row 1 (Connection: mysql, SQL: insert into `modules` (`name`, `start`, `updated_at`, `created_at`) values (laravel, 2024-04-17T00:00:00Z, 2024-04-17 10:11:25, 2024-04-17 10:11:25)) {"exception":"[object] (Illuminate\\Database\\QueryException(code: 22007): SQLSTATE[22007]: Invalid datetime format: 1292 Incorrect datetime value: '2024-04-17T00:00:00Z' for column 'start' at row 1 (Connection: mysql, SQL: insert into `modules` (`name`, `start`, `updated_at`, `created_at`) values (laravel, 2024-04-17T00:00:00Z, 2024-04-17 10:11:25, 2024-04-17 10:11:25)) at C:\\Users\\Administrateur\\Desktop\\m2i-learning\\vendor\\laravel\\framework\\src\\Illuminate\\Database\\Connection.php:813)
[stacktrace]
#0 C:\\Users\\Administrateur\\Desktop\\m2i-learning\\vendor\\laravel\\framework\\src\\Illuminate\\Database\\Connection.php(767): Illuminate\\Database\\Connection->runQueryCallback()
#1 C:\\Users\\Administrateur\\Desktop\\m2i-learning\\vendor\\laravel\\framework\\src\\Illuminate\\Database\\Connection.php(560): Illuminate\\Database\\Connection->run()
#2 C:\\Users\\Administrateur\\Desktop\\m2i-learning\\vendor\\laravel\\framework\\src\\Illuminate\\Database\\Connection.php(524): Illuminate\\Database\\Connection->statement()
#3 C:\\Users\\Administrateur\\Desktop\\m2i-learning\\vendor\\laravel\\framework\\src\\Illuminate\\Database\\Query\\Processors\\Processor.php(32): Illuminate\\Database\\Connection->insert()
#4 C:\\Users\\Administrateur\\Desktop\\m2i-learning\\vendor\\laravel\\framework\\src\\Illuminate\\Database\\Query\\Builder.php(3561): Illuminate\\Database\\Query\\Processors\\Processor->processInsertGetId()
#5 C:\\Users\\Administrateur\\Desktop\\m2i-learning\\vendor\\laravel\\framework\\src\\Illuminate\\Database\\Eloquent\\Builder.php(1971): Illuminate\\Database\\Query\\Builder->insertGetId()
#6 C:\\Users\\Administrateur\\Desktop\\m2i-learning\\vendor\\laravel\\framework\\src\\Illuminate\\Database\\Eloquent\\Model.php(1338): Illuminate\\Database\\Eloquent\\Builder->__call()
#7 C:\\Users\\Administrateur\\Desktop\\m2i-learning\\vendor\\laravel\\framework\\src\\Illuminate\\Database\\Eloquent\\Model.php(1303): Illuminate\\Database\\Eloquent\\Model->insertAndSetId()
#8 C:\\Users\\Administrateur\\Desktop\\m2i-learning\\vendor\\laravel\\framework\\src\\Illuminate\\Database\\Eloquent\\Model.php(1142): Illuminate\\Database\\Eloquent\\Model->performInsert()
#9 C:\\Users\\Administrateur\\Desktop\\m2i-learning\\vendor\\laravel\\framework\\src\\Illuminate\\Database\\Eloquent\\Builder.php(1026): Illuminate\\Database\\Eloquent\\Model->save()
#10 C:\\Users\\Administrateur\\Desktop\\m2i-learning\\vendor\\laravel\\framework\\src\\Illuminate\\Support\\helpers.php(359): Illuminate\\Database\\Eloquent\\Builder->Illuminate\\Database\\Eloquent\\{closure}()
#11 C:\\Users\\Administrateur\\Desktop\\m2i-learning\\vendor\\laravel\\framework\\src\\Illuminate\\Database\\Eloquent\\Builder.php(1025): tap()
#12 C:\\Users\\Administrateur\\Desktop\\m2i-learning\\vendor\\laravel\\framework\\src\\Illuminate\\Support\\Traits\\ForwardsCalls.php(23): Illuminate\\Database\\Eloquent\\Builder->create()
#13 C:\\Users\\Administrateur\\Desktop\\m2i-learning\\vendor\\laravel\\framework\\src\\Illuminate\\Database\\Eloquent\\Model.php(2339): Illuminate\\Database\\Eloquent\\Model->forwardCallTo()
#14 C:\\Users\\Administrateur\\Desktop\\m2i-learning\\vendor\\laravel\\framework\\src\\Illuminate\\Database\\Eloquent\\Model.php(2351): Illuminate\\Database\\Eloquent\\Model->__call()
#15 C:\\Users\\Administrateur\\Desktop\\m2i-learning\\app\\Http\\Controllers\\ModuleController.php(30): Illuminate\\Database\\Eloquent\\Model::__callStatic()
#16 C:\\Users\\Administrateur\\Desktop\\m2i-learning\\vendor\\laravel\\framework\\src\\Illuminate\\Routing\\Controller.php(54): App\\Http\\Controllers\\ModuleController->store()
#17 C:\\Users\\Administrateur\\Desktop\\m2i-learning\\vendor\\laravel\\framework\\src\\Illuminate\\Routing\\ControllerDispatcher.php(43): Illuminate\\Routing\\Controller->callAction()
#18 C:\\Users\\Administrateur\\Desktop\\m2i-learning\\vendor\\laravel\\framework\\src\\Illuminate\\Routing\\Route.php(260): Illuminate\\Routing\\ControllerDispatcher->dispatch()
#19 C:\\Users\\Administrateur\\Desktop\\m2i-learning\\vendor\\laravel\\framework\\src\\Illuminate\\Routing\\Route.php(206): Illuminate\\Routing\\Route->runController()
#20 C:\\Users\\Administrateur\\Desktop\\m2i-learning\\vendor\\laravel\\framework\\src\\Illuminate\\Routing\\Router.php(806): Illuminate\\Routing\\Route->run()
#21 C:\\Users\\Administrateur\\Desktop\\m2i-learning\\vendor\\laravel\\framework\\src\\Illuminate\\Pipeline\\Pipeline.php(144): Illuminate\\Routing\\Router->Illuminate\\Routing\\{closure}()
#22 C:\\Users\\Administrateur\\Desktop\\m2i-learning\\vendor\\laravel\\framework\\src\\Illuminate\\Routing\\Middleware\\SubstituteBindings.php(50): Illuminate\\Pipeline\\Pipeline->Illuminate\\Pipeline\\{closure}()
#23 C:\\Users\\Administrateur\\Desktop\\m2i-learning\\vendor\\laravel\\framework\\src\\Illuminate\\Pipeline\\Pipeline.php(183): Illuminate\\Routing\\Middleware\\SubstituteBindings->handle()
#24 C:\\Users\\Administrateur\\Desktop\\m2i-learning\\vendor\\laravel\\framework\\src\\Illuminate\\Pipeline\\Pipeline.php(119): Illuminate\\Pipeline\\Pipeline->Illuminate\\Pipeline\\{closure}()
#25 C:\\Users\\Administrateur\\Desktop\\m2i-learning\\vendor\\laravel\\framework\\src\\Illuminate\\Routing\\Router.php(805): Illuminate\\Pipeline\\Pipeline->then()
#26 C:\\Users\\Administrateur\\Desktop\\m2i-learning\\vendor\\laravel\\framework\\src\\Illuminate\\Routing\\Router.php(784): Illuminate\\Routing\\Router->runRouteWithinStack()
#27 C:\\Users\\Administrateur\\Desktop\\m2i-learning\\vendor\\laravel\\framework\\src\\Illuminate\\Routing\\Router.php(748): Illuminate\\Routing\\Router->runRoute()
#28 C:\\Users\\Administrateur\\Desktop\\m2i-learning\\vendor\\laravel\\framework\\src\\Illuminate\\Routing\\Router.php(737): Illuminate\\Routing\\Router->dispatchToRoute()
#29 C:\\Users\\Administrateur\\Desktop\\m2i-learning\\vendor\\laravel\\framework\\src\\Illuminate\\Foundation\\Http\\Kernel.php(200): Illuminate\\Routing\\Router->dispatch()
#30 C:\\Users\\Administrateur\\Desktop\\m2i-learning\\vendor\\laravel\\framework\\src\\Illuminate\\Pipeline\\Pipeline.php(144): Illuminate\\Foundation\\Http\\Kernel->Illuminate\\Foundation\\Http\\{closure}()
#31 C:\\Users\\Administrateur\\Desktop\\m2i-learning\\vendor\\laravel\\framework\\src\\Illuminate\\Foundation\\Http\\Middleware\\TransformsRequest.php(21): Illuminate\\Pipeline\\Pipeline->Illuminate\\Pipeline\\{closure}()
#32 C:\\Users\\Administrateur\\Desktop\\m2i-learning\\vendor\\laravel\\framework\\src\\Illuminate\\Foundation\\Http\\Middleware\\ConvertEmptyStringsToNull.php(31): Illuminate\\Foundation\\Http\\Middleware\\TransformsRequest->handle()
#33 C:\\Users\\Administrateur\\Desktop\\m2i-learning\\vendor\\laravel\\framework\\src\\Illuminate\\Pipeline\\Pipeline.php(183): Illuminate\\Foundation\\Http\\Middleware\\ConvertEmptyStringsToNull->handle()
#34 C:\\Users\\Administrateur\\Desktop\\m2i-learning\\vendor\\laravel\\framework\\src\\Illuminate\\Foundation\\Http\\Middleware\\TransformsRequest.php(21): Illuminate\\Pipeline\\Pipeline->Illuminate\\Pipeline\\{closure}()
#35 C:\\Users\\Administrateur\\Desktop\\m2i-learning\\vendor\\laravel\\framework\\src\\Illuminate\\Foundation\\Http\\Middleware\\TrimStrings.php(51): Illuminate\\Foundation\\Http\\Middleware\\TransformsRequest->handle()
#36 C:\\Users\\Administrateur\\Desktop\\m2i-learning\\vendor\\laravel\\framework\\src\\Illuminate\\Pipeline\\Pipeline.php(183): Illuminate\\Foundation\\Http\\Middleware\\TrimStrings->handle()
#37 C:\\Users\\Administrateur\\Desktop\\m2i-learning\\vendor\\laravel\\framework\\src\\Illuminate\\Http\\Middleware\\ValidatePostSize.php(27): Illuminate\\Pipeline\\Pipeline->Illuminate\\Pipeline\\{closure}()
#38 C:\\Users\\Administrateur\\Desktop\\m2i-learning\\vendor\\laravel\\framework\\src\\Illuminate\\Pipeline\\Pipeline.php(183): Illuminate\\Http\\Middleware\\ValidatePostSize->handle()
#39 C:\\Users\\Administrateur\\Desktop\\m2i-learning\\vendor\\laravel\\framework\\src\\Illuminate\\Foundation\\Http\\Middleware\\PreventRequestsDuringMaintenance.php(110): Illuminate\\Pipeline\\Pipeline->Illuminate\\Pipeline\\{closure}()
#40 C:\\Users\\Administrateur\\Desktop\\m2i-learning\\vendor\\laravel\\framework\\src\\Illuminate\\Pipeline\\Pipeline.php(183): Illuminate\\Foundation\\Http\\Middleware\\PreventRequestsDuringMaintenance->handle()
#41 C:\\Users\\Administrateur\\Desktop\\m2i-learning\\vendor\\laravel\\framework\\src\\Illuminate\\Http\\Middleware\\HandleCors.php(62): Illuminate\\Pipeline\\Pipeline->Illuminate\\Pipeline\\{closure}()
#42 C:\\Users\\Administrateur\\Desktop\\m2i-learning\\vendor\\laravel\\framework\\src\\Illuminate\\Pipeline\\Pipeline.php(183): Illuminate\\Http\\Middleware\\HandleCors->handle()
#43 C:\\Users\\Administrateur\\Desktop\\m2i-learning\\vendor\\laravel\\framework\\src\\Illuminate\\Http\\Middleware\\TrustProxies.php(57): Illuminate\\Pipeline\\Pipeline->Illuminate\\Pipeline\\{closure}()
#44 C:\\Users\\Administrateur\\Desktop\\m2i-learning\\vendor\\laravel\\framework\\src\\Illuminate\\Pipeline\\Pipeline.php(183): Illuminate\\Http\\Middleware\\TrustProxies->handle()
#45 C:\\Users\\Administrateur\\Desktop\\m2i-learning\\vendor\\laravel\\framework\\src\\Illuminate\\Pipeline\\Pipeline.php(119): Illuminate\\Pipeline\\Pipeline->Illuminate\\Pipeline\\{closure}()
#46 C:\\Users\\Administrateur\\Desktop\\m2i-learning\\vendor\\laravel\\framework\\src\\Illuminate\\Foundation\\Http\\Kernel.php(175): Illuminate\\Pipeline\\Pipeline->then()
#47 C:\\Users\\Administrateur\\Desktop\\m2i-learning\\vendor\\laravel\\framework\\src\\Illuminate\\Foundation\\Http\\Kernel.php(144): Illuminate\\Foundation\\Http\\Kernel->sendRequestThroughRouter()
#48 C:\\Users\\Administrateur\\Desktop\\m2i-learning\\vendor\\laravel\\framework\\src\\Illuminate\\Foundation\\Application.php(1168): Illuminate\\Foundation\\Http\\Kernel->handle()
#49 C:\\Users\\Administrateur\\Desktop\\m2i-learning\\public\\index.php(17): Illuminate\\Foundation\\Application->handleRequest()
#50 C:\\Users\\Administrateur\\Desktop\\m2i-learning\\vendor\\laravel\\framework\\src\\Illuminate\\Foundation\\resources\\server.php(16): require_once('...')
#51 {main}

[previous exception] [object] (PDOException(code: 22007): SQLSTATE[22007]: Invalid datetime format: 1292 Incorrect datetime value: '2024-04-17T00:00:00Z' for column 'start' at row 1 at C:\\Users\\Administrateur\\Desktop\\m2i-learning\\vendor\\laravel\\framework\\src\\Illuminate\\Database\\Connection.php:571)
[stacktrace]
#0 C:\\Users\\Administrateur\\Desktop\\m2i-learning\\vendor\\laravel\\framework\\src\\Illuminate\\Database\\Connection.php(571): PDOStatement->execute()
#1 C:\\Users\\Administrateur\\Desktop\\m2i-learning\\vendor\\laravel\\framework\\src\\Illuminate\\Database\\Connection.php(800): Illuminate\\Database\\Connection->Illuminate\\Database\\{closure}()
#2 C:\\Users\\Administrateur\\Desktop\\m2i-learning\\vendor\\laravel\\framework\\src\\Illuminate\\Database\\Connection.php(767): Illuminate\\Database\\Connection->runQueryCallback()
#3 C:\\Users\\Administrateur\\Desktop\\m2i-learning\\vendor\\laravel\\framework\\src\\Illuminate\\Database\\Connection.php(560): Illuminate\\Database\\Connection->run()
#4 C:\\Users\\Administrateur\\Desktop\\m2i-learning\\vendor\\laravel\\framework\\src\\Illuminate\\Database\\Connection.php(524): Illuminate\\Database\\Connection->statement()
#5 C:\\Users\\Administrateur\\Desktop\\m2i-learning\\vendor\\laravel\\framework\\src\\Illuminate\\Database\\Query\\Processors\\Processor.php(32): Illuminate\\Database\\Connection->insert()
#6 C:\\Users\\Administrateur\\Desktop\\m2i-learning\\vendor\\laravel\\framework\\src\\Illuminate\\Database\\Query\\Builder.php(3561): Illuminate\\Database\\Query\\Processors\\Processor->processInsertGetId()
#7 C:\\Users\\Administrateur\\Desktop\\m2i-learning\\vendor\\laravel\\framework\\src\\Illuminate\\Database\\Eloquent\\Builder.php(1971): Illuminate\\Database\\Query\\Builder->insertGetId()
#8 C:\\Users\\Administrateur\\Desktop\\m2i-learning\\vendor\\laravel\\framework\\src\\Illuminate\\Database\\Eloquent\\Model.php(1338): Illuminate\\Database\\Eloquent\\Builder->__call()
#9 C:\\Users\\Administrateur\\Desktop\\m2i-learning\\vendor\\laravel\\framework\\src\\Illuminate\\Database\\Eloquent\\Model.php(1303): Illuminate\\Database\\Eloquent\\Model->insertAndSetId()
#10 C:\\Users\\Administrateur\\Desktop\\m2i-learning\\vendor\\laravel\\framework\\src\\Illuminate\\Database\\Eloquent\\Model.php(1142): Illuminate\\Database\\Eloquent\\Model->performInsert()
#11 C:\\Users\\Administrateur\\Desktop\\m2i-learning\\vendor\\laravel\\framework\\src\\Illuminate\\Database\\Eloquent\\Builder.php(1026): Illuminate\\Database\\Eloquent\\Model->save()
#12 C:\\Users\\Administrateur\\Desktop\\m2i-learning\\vendor\\laravel\\framework\\src\\Illuminate\\Support\\helpers.php(359): Illuminate\\Database\\Eloquent\\Builder->Illuminate\\Database\\Eloquent\\{closure}()
#13 C:\\Users\\Administrateur\\Desktop\\m2i-learning\\vendor\\laravel\\framework\\src\\Illuminate\\Database\\Eloquent\\Builder.php(1025): tap()
#14 C:\\Users\\Administrateur\\Desktop\\m2i-learning\\vendor\\laravel\\framework\\src\\Illuminate\\Support\\Traits\\ForwardsCalls.php(23): Illuminate\\Database\\Eloquent\\Builder->create()
#15 C:\\Users\\Administrateur\\Desktop\\m2i-learning\\vendor\\laravel\\framework\\src\\Illuminate\\Database\\Eloquent\\Model.php(2339): Illuminate\\Database\\Eloquent\\Model->forwardCallTo()
#16 C:\\Users\\Administrateur\\Desktop\\m2i-learning\\vendor\\laravel\\framework\\src\\Illuminate\\Database\\Eloquent\\Model.php(2351): Illuminate\\Database\\Eloquent\\Model->__call()
#17 C:\\Users\\Administrateur\\Desktop\\m2i-learning\\app\\Http\\Controllers\\ModuleController.php(30): Illuminate\\Database\\Eloquent\\Model::__callStatic()
#18 C:\\Users\\Administrateur\\Desktop\\m2i-learning\\vendor\\laravel\\framework\\src\\Illuminate\\Routing\\Controller.php(54): App\\Http\\Controllers\\ModuleController->store()
#19 C:\\Users\\Administrateur\\Desktop\\m2i-learning\\vendor\\laravel\\framework\\src\\Illuminate\\Routing\\ControllerDispatcher.php(43): Illuminate\\Routing\\Controller->callAction()
#20 C:\\Users\\Administrateur\\Desktop\\m2i-learning\\vendor\\laravel\\framework\\src\\Illuminate\\Routing\\Route.php(260): Illuminate\\Routing\\ControllerDispatcher->dispatch()
#21 C:\\Users\\Administrateur\\Desktop\\m2i-learning\\vendor\\laravel\\framework\\src\\Illuminate\\Routing\\Route.php(206): Illuminate\\Routing\\Route->runController()
#22 C:\\Users\\Administrateur\\Desktop\\m2i-learning\\vendor\\laravel\\framework\\src\\Illuminate\\Routing\\Router.php(806): Illuminate\\Routing\\Route->run()
#23 C:\\Users\\Administrateur\\Desktop\\m2i-learning\\vendor\\laravel\\framework\\src\\Illuminate\\Pipeline\\Pipeline.php(144): Illuminate\\Routing\\Router->Illuminate\\Routing\\{closure}()
#24 C:\\Users\\Administrateur\\Desktop\\m2i-learning\\vendor\\laravel\\framework\\src\\Illuminate\\Routing\\Middleware\\SubstituteBindings.php(50): Illuminate\\Pipeline\\Pipeline->Illuminate\\Pipeline\\{closure}()
#25 C:\\Users\\Administrateur\\Desktop\\m2i-learning\\vendor\\laravel\\framework\\src\\Illuminate\\Pipeline\\Pipeline.php(183): Illuminate\\Routing\\Middleware\\SubstituteBindings->handle()
#26 C:\\Users\\Administrateur\\Desktop\\m2i-learning\\vendor\\laravel\\framework\\src\\Illuminate\\Pipeline\\Pipeline.php(119): Illuminate\\Pipeline\\Pipeline->Illuminate\\Pipeline\\{closure}()
#27 C:\\Users\\Administrateur\\Desktop\\m2i-learning\\vendor\\laravel\\framework\\src\\Illuminate\\Routing\\Router.php(805): Illuminate\\Pipeline\\Pipeline->then()
#28 C:\\Users\\Administrateur\\Desktop\\m2i-learning\\vendor\\laravel\\framework\\src\\Illuminate\\Routing\\Router.php(784): Illuminate\\Routing\\Router->runRouteWithinStack()
#29 C:\\Users\\Administrateur\\Desktop\\m2i-learning\\vendor\\laravel\\framework\\src\\Illuminate\\Routing\\Router.php(748): Illuminate\\Routing\\Router->runRoute()
#30 C:\\Users\\Administrateur\\Desktop\\m2i-learning\\vendor\\laravel\\framework\\src\\Illuminate\\Routing\\Router.php(737): Illuminate\\Routing\\Router->dispatchToRoute()
#31 C:\\Users\\Administrateur\\Desktop\\m2i-learning\\vendor\\laravel\\framework\\src\\Illuminate\\Foundation\\Http\\Kernel.php(200): Illuminate\\Routing\\Router->dispatch()
#32 C:\\Users\\Administrateur\\Desktop\\m2i-learning\\vendor\\laravel\\framework\\src\\Illuminate\\Pipeline\\Pipeline.php(144): Illuminate\\Foundation\\Http\\Kernel->Illuminate\\Foundation\\Http\\{closure}()
#33 C:\\Users\\Administrateur\\Desktop\\m2i-learning\\vendor\\laravel\\framework\\src\\Illuminate\\Foundation\\Http\\Middleware\\TransformsRequest.php(21): Illuminate\\Pipeline\\Pipeline->Illuminate\\Pipeline\\{closure}()
#34 C:\\Users\\Administrateur\\Desktop\\m2i-learning\\vendor\\laravel\\framework\\src\\Illuminate\\Foundation\\Http\\Middleware\\ConvertEmptyStringsToNull.php(31): Illuminate\\Foundation\\Http\\Middleware\\TransformsRequest->handle()
#35 C:\\Users\\Administrateur\\Desktop\\m2i-learning\\vendor\\laravel\\framework\\src\\Illuminate\\Pipeline\\Pipeline.php(183): Illuminate\\Foundation\\Http\\Middleware\\ConvertEmptyStringsToNull->handle()
#36 C:\\Users\\Administrateur\\Desktop\\m2i-learning\\vendor\\laravel\\framework\\src\\Illuminate\\Foundation\\Http\\Middleware\\TransformsRequest.php(21): Illuminate\\Pipeline\\Pipeline->Illuminate\\Pipeline\\{closure}()
#37 C:\\Users\\Administrateur\\Desktop\\m2i-learning\\vendor\\laravel\\framework\\src\\Illuminate\\Foundation\\Http\\Middleware\\TrimStrings.php(51): Illuminate\\Foundation\\Http\\Middleware\\TransformsRequest->handle()
#38 C:\\Users\\Administrateur\\Desktop\\m2i-learning\\vendor\\laravel\\framework\\src\\Illuminate\\Pipeline\\Pipeline.php(183): Illuminate\\Foundation\\Http\\Middleware\\TrimStrings->handle()
#39 C:\\Users\\Administrateur\\Desktop\\m2i-learning\\vendor\\laravel\\framework\\src\\Illuminate\\Http\\Middleware\\ValidatePostSize.php(27): Illuminate\\Pipeline\\Pipeline->Illuminate\\Pipeline\\{closure}()
#40 C:\\Users\\Administrateur\\Desktop\\m2i-learning\\vendor\\laravel\\framework\\src\\Illuminate\\Pipeline\\Pipeline.php(183): Illuminate\\Http\\Middleware\\ValidatePostSize->handle()
#41 C:\\Users\\Administrateur\\Desktop\\m2i-learning\\vendor\\laravel\\framework\\src\\Illuminate\\Foundation\\Http\\Middleware\\PreventRequestsDuringMaintenance.php(110): Illuminate\\Pipeline\\Pipeline->Illuminate\\Pipeline\\{closure}()
#42 C:\\Users\\Administrateur\\Desktop\\m2i-learning\\vendor\\laravel\\framework\\src\\Illuminate\\Pipeline\\Pipeline.php(183): Illuminate\\Foundation\\Http\\Middleware\\PreventRequestsDuringMaintenance->handle()
#43 C:\\Users\\Administrateur\\Desktop\\m2i-learning\\vendor\\laravel\\framework\\src\\Illuminate\\Http\\Middleware\\HandleCors.php(62): Illuminate\\Pipeline\\Pipeline->Illuminate\\Pipeline\\{closure}()
#44 C:\\Users\\Administrateur\\Desktop\\m2i-learning\\vendor\\laravel\\framework\\src\\Illuminate\\Pipeline\\Pipeline.php(183): Illuminate\\Http\\Middleware\\HandleCors->handle()
#45 C:\\Users\\Administrateur\\Desktop\\m2i-learning\\vendor\\laravel\\framework\\src\\Illuminate\\Http\\Middleware\\TrustProxies.php(57): Illuminate\\Pipeline\\Pipeline->Illuminate\\Pipeline\\{closure}()
#46 C:\\Users\\Administrateur\\Desktop\\m2i-learning\\vendor\\laravel\\framework\\src\\Illuminate\\Pipeline\\Pipeline.php(183): Illuminate\\Http\\Middleware\\TrustProxies->handle()
#47 C:\\Users\\Administrateur\\Desktop\\m2i-learning\\vendor\\laravel\\framework\\src\\Illuminate\\Pipeline\\Pipeline.php(119): Illuminate\\Pipeline\\Pipeline->Illuminate\\Pipeline\\{closure}()
#48 C:\\Users\\Administrateur\\Desktop\\m2i-learning\\vendor\\laravel\\framework\\src\\Illuminate\\Foundation\\Http\\Kernel.php(175): Illuminate\\Pipeline\\Pipeline->then()
#49 C:\\Users\\Administrateur\\Desktop\\m2i-learning\\vendor\\laravel\\framework\\src\\Illuminate\\Foundation\\Http\\Kernel.php(144): Illuminate\\Foundation\\Http\\Kernel->sendRequestThroughRouter()
#50 C:\\Users\\Administrateur\\Desktop\\m2i-learning\\vendor\\laravel\\framework\\src\\Illuminate\\Foundation\\Application.php(1168): Illuminate\\Foundation\\Http\\Kernel->handle()
#51 C:\\Users\\Administrateur\\Desktop\\m2i-learning\\public\\index.php(17): Illuminate\\Foundation\\Application->handleRequest()
#52 C:\\Users\\Administrateur\\Desktop\\m2i-learning\\vendor\\laravel\\framework\\src\\Illuminate\\Foundation\\resources\\server.php(16): require_once('...')
#53 {main}
"} 
[2024-04-17 11:29:32] local.ERROR: SQLSTATE[23000]: Integrity constraint violation: 1062 Duplicate entry 'arthur@utopios.solutions' for key 'users.users_email_unique' (Connection: mysql, SQL: insert into `users` (`name`, `email`, `email_verified_at`, `password`, `remember_token`, `updated_at`, `created_at`) values (arthur, arthur@utopios.solutions, 2024-04-17 11:29:31, $2y$12$G.6nrA/pZeHdei5lrZ4Tt.GM6ofLbuFL3LYeCSRK83.8OWkF5oDHy, 4Lm29znUF9, 2024-04-17 11:29:32, 2024-04-17 11:29:32)) {"exception":"[object] (Illuminate\\Database\\UniqueConstraintViolationException(code: 23000): SQLSTATE[23000]: Integrity constraint violation: 1062 Duplicate entry 'arthur@utopios.solutions' for key 'users.users_email_unique' (Connection: mysql, SQL: insert into `users` (`name`, `email`, `email_verified_at`, `password`, `remember_token`, `updated_at`, `created_at`) values (arthur, arthur@utopios.solutions, 2024-04-17 11:29:31, $2y$12$G.6nrA/pZeHdei5lrZ4Tt.GM6ofLbuFL3LYeCSRK83.8OWkF5oDHy, 4Lm29znUF9, 2024-04-17 11:29:32, 2024-04-17 11:29:32)) at C:\\Users\\Administrateur\\Desktop\\m2i-learning\\vendor\\laravel\\framework\\src\\Illuminate\\Database\\Connection.php:808)
[stacktrace]
#0 C:\\Users\\Administrateur\\Desktop\\m2i-learning\\vendor\\laravel\\framework\\src\\Illuminate\\Database\\Connection.php(767): Illuminate\\Database\\Connection->runQueryCallback()
#1 C:\\Users\\Administrateur\\Desktop\\m2i-learning\\vendor\\laravel\\framework\\src\\Illuminate\\Database\\Connection.php(560): Illuminate\\Database\\Connection->run()
#2 C:\\Users\\Administrateur\\Desktop\\m2i-learning\\vendor\\laravel\\framework\\src\\Illuminate\\Database\\Connection.php(524): Illuminate\\Database\\Connection->statement()
#3 C:\\Users\\Administrateur\\Desktop\\m2i-learning\\vendor\\laravel\\framework\\src\\Illuminate\\Database\\Query\\Processors\\Processor.php(32): Illuminate\\Database\\Connection->insert()
#4 C:\\Users\\Administrateur\\Desktop\\m2i-learning\\vendor\\laravel\\framework\\src\\Illuminate\\Database\\Query\\Builder.php(3561): Illuminate\\Database\\Query\\Processors\\Processor->processInsertGetId()
#5 C:\\Users\\Administrateur\\Desktop\\m2i-learning\\vendor\\laravel\\framework\\src\\Illuminate\\Database\\Eloquent\\Builder.php(1971): Illuminate\\Database\\Query\\Builder->insertGetId()
#6 C:\\Users\\Administrateur\\Desktop\\m2i-learning\\vendor\\laravel\\framework\\src\\Illuminate\\Database\\Eloquent\\Model.php(1338): Illuminate\\Database\\Eloquent\\Builder->__call()
#7 C:\\Users\\Administrateur\\Desktop\\m2i-learning\\vendor\\laravel\\framework\\src\\Illuminate\\Database\\Eloquent\\Model.php(1303): Illuminate\\Database\\Eloquent\\Model->insertAndSetId()
#8 C:\\Users\\Administrateur\\Desktop\\m2i-learning\\vendor\\laravel\\framework\\src\\Illuminate\\Database\\Eloquent\\Model.php(1142): Illuminate\\Database\\Eloquent\\Model->performInsert()
#9 C:\\Users\\Administrateur\\Desktop\\m2i-learning\\vendor\\laravel\\framework\\src\\Illuminate\\Database\\Eloquent\\Factories\\Factory.php(338): Illuminate\\Database\\Eloquent\\Model->save()
#10 C:\\Users\\Administrateur\\Desktop\\m2i-learning\\vendor\\laravel\\framework\\src\\Illuminate\\Collections\\Traits\\EnumeratesValues.php(236): Illuminate\\Database\\Eloquent\\Factories\\Factory->Illuminate\\Database\\Eloquent\\Factories\\{closure}()
#11 C:\\Users\\Administrateur\\Desktop\\m2i-learning\\vendor\\laravel\\framework\\src\\Illuminate\\Database\\Eloquent\\Factories\\Factory.php(333): Illuminate\\Support\\Collection->each()
#12 C:\\Users\\Administrateur\\Desktop\\m2i-learning\\vendor\\laravel\\framework\\src\\Illuminate\\Database\\Eloquent\\Factories\\Factory.php(291): Illuminate\\Database\\Eloquent\\Factories\\Factory->store()
#13 C:\\Users\\Administrateur\\Desktop\\m2i-learning\\database\\seeders\\DatabaseSeeder.php(19): Illuminate\\Database\\Eloquent\\Factories\\Factory->create()
#14 C:\\Users\\Administrateur\\Desktop\\m2i-learning\\vendor\\laravel\\framework\\src\\Illuminate\\Container\\BoundMethod.php(36): Database\\Seeders\\DatabaseSeeder->run()
#15 C:\\Users\\Administrateur\\Desktop\\m2i-learning\\vendor\\laravel\\framework\\src\\Illuminate\\Container\\Util.php(41): Illuminate\\Container\\BoundMethod::Illuminate\\Container\\{closure}()
#16 C:\\Users\\Administrateur\\Desktop\\m2i-learning\\vendor\\laravel\\framework\\src\\Illuminate\\Container\\BoundMethod.php(93): Illuminate\\Container\\Util::unwrapIfClosure()
#17 C:\\Users\\Administrateur\\Desktop\\m2i-learning\\vendor\\laravel\\framework\\src\\Illuminate\\Container\\BoundMethod.php(35): Illuminate\\Container\\BoundMethod::callBoundMethod()
#18 C:\\Users\\Administrateur\\Desktop\\m2i-learning\\vendor\\laravel\\framework\\src\\Illuminate\\Container\\Container.php(662): Illuminate\\Container\\BoundMethod::call()
#19 C:\\Users\\Administrateur\\Desktop\\m2i-learning\\vendor\\laravel\\framework\\src\\Illuminate\\Database\\Seeder.php(184): Illuminate\\Container\\Container->call()
#20 C:\\Users\\Administrateur\\Desktop\\m2i-learning\\vendor\\laravel\\framework\\src\\Illuminate\\Database\\Seeder.php(193): Illuminate\\Database\\Seeder->Illuminate\\Database\\{closure}()
#21 C:\\Users\\Administrateur\\Desktop\\m2i-learning\\vendor\\laravel\\framework\\src\\Illuminate\\Database\\Console\\Seeds\\SeedCommand.php(70): Illuminate\\Database\\Seeder->__invoke()
#22 C:\\Users\\Administrateur\\Desktop\\m2i-learning\\vendor\\laravel\\framework\\src\\Illuminate\\Database\\Eloquent\\Concerns\\GuardsAttributes.php(155): Illuminate\\Database\\Console\\Seeds\\SeedCommand->Illuminate\\Database\\Console\\Seeds\\{closure}()
#23 C:\\Users\\Administrateur\\Desktop\\m2i-learning\\vendor\\laravel\\framework\\src\\Illuminate\\Database\\Console\\Seeds\\SeedCommand.php(69): Illuminate\\Database\\Eloquent\\Model::unguarded()
#24 C:\\Users\\Administrateur\\Desktop\\m2i-learning\\vendor\\laravel\\framework\\src\\Illuminate\\Container\\BoundMethod.php(36): Illuminate\\Database\\Console\\Seeds\\SeedCommand->handle()
#25 C:\\Users\\Administrateur\\Desktop\\m2i-learning\\vendor\\laravel\\framework\\src\\Illuminate\\Container\\Util.php(41): Illuminate\\Container\\BoundMethod::Illuminate\\Container\\{closure}()
#26 C:\\Users\\Administrateur\\Desktop\\m2i-learning\\vendor\\laravel\\framework\\src\\Illuminate\\Container\\BoundMethod.php(93): Illuminate\\Container\\Util::unwrapIfClosure()
#27 C:\\Users\\Administrateur\\Desktop\\m2i-learning\\vendor\\laravel\\framework\\src\\Illuminate\\Container\\BoundMethod.php(35): Illuminate\\Container\\BoundMethod::callBoundMethod()
#28 C:\\Users\\Administrateur\\Desktop\\m2i-learning\\vendor\\laravel\\framework\\src\\Illuminate\\Container\\Container.php(662): Illuminate\\Container\\BoundMethod::call()
#29 C:\\Users\\Administrateur\\Desktop\\m2i-learning\\vendor\\laravel\\framework\\src\\Illuminate\\Console\\Command.php(212): Illuminate\\Container\\Container->call()
#30 C:\\Users\\Administrateur\\Desktop\\m2i-learning\\vendor\\symfony\\console\\Command\\Command.php(279): Illuminate\\Console\\Command->execute()
#31 C:\\Users\\Administrateur\\Desktop\\m2i-learning\\vendor\\laravel\\framework\\src\\Illuminate\\Console\\Command.php(181): Symfony\\Component\\Console\\Command\\Command->run()
#32 C:\\Users\\Administrateur\\Desktop\\m2i-learning\\vendor\\symfony\\console\\Application.php(1049): Illuminate\\Console\\Command->run()
#33 C:\\Users\\Administrateur\\Desktop\\m2i-learning\\vendor\\symfony\\console\\Application.php(318): Symfony\\Component\\Console\\Application->doRunCommand()
#34 C:\\Users\\Administrateur\\Desktop\\m2i-learning\\vendor\\symfony\\console\\Application.php(169): Symfony\\Component\\Console\\Application->doRun()
#35 C:\\Users\\Administrateur\\Desktop\\m2i-learning\\vendor\\laravel\\framework\\src\\Illuminate\\Foundation\\Console\\Kernel.php(196): Symfony\\Component\\Console\\Application->run()
#36 C:\\Users\\Administrateur\\Desktop\\m2i-learning\\vendor\\laravel\\framework\\src\\Illuminate\\Foundation\\Application.php(1183): Illuminate\\Foundation\\Console\\Kernel->handle()
#37 C:\\Users\\Administrateur\\Desktop\\m2i-learning\\artisan(13): Illuminate\\Foundation\\Application->handleCommand()
#38 {main}

[previous exception] [object] (PDOException(code: 23000): SQLSTATE[23000]: Integrity constraint violation: 1062 Duplicate entry 'arthur@utopios.solutions' for key 'users.users_email_unique' at C:\\Users\\Administrateur\\Desktop\\m2i-learning\\vendor\\laravel\\framework\\src\\Illuminate\\Database\\Connection.php:571)
[stacktrace]
#0 C:\\Users\\Administrateur\\Desktop\\m2i-learning\\vendor\\laravel\\framework\\src\\Illuminate\\Database\\Connection.php(571): PDOStatement->execute()
#1 C:\\Users\\Administrateur\\Desktop\\m2i-learning\\vendor\\laravel\\framework\\src\\Illuminate\\Database\\Connection.php(800): Illuminate\\Database\\Connection->Illuminate\\Database\\{closure}()
#2 C:\\Users\\Administrateur\\Desktop\\m2i-learning\\vendor\\laravel\\framework\\src\\Illuminate\\Database\\Connection.php(767): Illuminate\\Database\\Connection->runQueryCallback()
#3 C:\\Users\\Administrateur\\Desktop\\m2i-learning\\vendor\\laravel\\framework\\src\\Illuminate\\Database\\Connection.php(560): Illuminate\\Database\\Connection->run()
#4 C:\\Users\\Administrateur\\Desktop\\m2i-learning\\vendor\\laravel\\framework\\src\\Illuminate\\Database\\Connection.php(524): Illuminate\\Database\\Connection->statement()
#5 C:\\Users\\Administrateur\\Desktop\\m2i-learning\\vendor\\laravel\\framework\\src\\Illuminate\\Database\\Query\\Processors\\Processor.php(32): Illuminate\\Database\\Connection->insert()
#6 C:\\Users\\Administrateur\\Desktop\\m2i-learning\\vendor\\laravel\\framework\\src\\Illuminate\\Database\\Query\\Builder.php(3561): Illuminate\\Database\\Query\\Processors\\Processor->processInsertGetId()
#7 C:\\Users\\Administrateur\\Desktop\\m2i-learning\\vendor\\laravel\\framework\\src\\Illuminate\\Database\\Eloquent\\Builder.php(1971): Illuminate\\Database\\Query\\Builder->insertGetId()
#8 C:\\Users\\Administrateur\\Desktop\\m2i-learning\\vendor\\laravel\\framework\\src\\Illuminate\\Database\\Eloquent\\Model.php(1338): Illuminate\\Database\\Eloquent\\Builder->__call()
#9 C:\\Users\\Administrateur\\Desktop\\m2i-learning\\vendor\\laravel\\framework\\src\\Illuminate\\Database\\Eloquent\\Model.php(1303): Illuminate\\Database\\Eloquent\\Model->insertAndSetId()
#10 C:\\Users\\Administrateur\\Desktop\\m2i-learning\\vendor\\laravel\\framework\\src\\Illuminate\\Database\\Eloquent\\Model.php(1142): Illuminate\\Database\\Eloquent\\Model->performInsert()
#11 C:\\Users\\Administrateur\\Desktop\\m2i-learning\\vendor\\laravel\\framework\\src\\Illuminate\\Database\\Eloquent\\Factories\\Factory.php(338): Illuminate\\Database\\Eloquent\\Model->save()
#12 C:\\Users\\Administrateur\\Desktop\\m2i-learning\\vendor\\laravel\\framework\\src\\Illuminate\\Collections\\Traits\\EnumeratesValues.php(236): Illuminate\\Database\\Eloquent\\Factories\\Factory->Illuminate\\Database\\Eloquent\\Factories\\{closure}()
#13 C:\\Users\\Administrateur\\Desktop\\m2i-learning\\vendor\\laravel\\framework\\src\\Illuminate\\Database\\Eloquent\\Factories\\Factory.php(333): Illuminate\\Support\\Collection->each()
#14 C:\\Users\\Administrateur\\Desktop\\m2i-learning\\vendor\\laravel\\framework\\src\\Illuminate\\Database\\Eloquent\\Factories\\Factory.php(291): Illuminate\\Database\\Eloquent\\Factories\\Factory->store()
#15 C:\\Users\\Administrateur\\Desktop\\m2i-learning\\database\\seeders\\DatabaseSeeder.php(19): Illuminate\\Database\\Eloquent\\Factories\\Factory->create()
#16 C:\\Users\\Administrateur\\Desktop\\m2i-learning\\vendor\\laravel\\framework\\src\\Illuminate\\Container\\BoundMethod.php(36): Database\\Seeders\\DatabaseSeeder->run()
#17 C:\\Users\\Administrateur\\Desktop\\m2i-learning\\vendor\\laravel\\framework\\src\\Illuminate\\Container\\Util.php(41): Illuminate\\Container\\BoundMethod::Illuminate\\Container\\{closure}()
#18 C:\\Users\\Administrateur\\Desktop\\m2i-learning\\vendor\\laravel\\framework\\src\\Illuminate\\Container\\BoundMethod.php(93): Illuminate\\Container\\Util::unwrapIfClosure()
#19 C:\\Users\\Administrateur\\Desktop\\m2i-learning\\vendor\\laravel\\framework\\src\\Illuminate\\Container\\BoundMethod.php(35): Illuminate\\Container\\BoundMethod::callBoundMethod()
#20 C:\\Users\\Administrateur\\Desktop\\m2i-learning\\vendor\\laravel\\framework\\src\\Illuminate\\Container\\Container.php(662): Illuminate\\Container\\BoundMethod::call()
#21 C:\\Users\\Administrateur\\Desktop\\m2i-learning\\vendor\\laravel\\framework\\src\\Illuminate\\Database\\Seeder.php(184): Illuminate\\Container\\Container->call()
#22 C:\\Users\\Administrateur\\Desktop\\m2i-learning\\vendor\\laravel\\framework\\src\\Illuminate\\Database\\Seeder.php(193): Illuminate\\Database\\Seeder->Illuminate\\Database\\{closure}()
#23 C:\\Users\\Administrateur\\Desktop\\m2i-learning\\vendor\\laravel\\framework\\src\\Illuminate\\Database\\Console\\Seeds\\SeedCommand.php(70): Illuminate\\Database\\Seeder->__invoke()
#24 C:\\Users\\Administrateur\\Desktop\\m2i-learning\\vendor\\laravel\\framework\\src\\Illuminate\\Database\\Eloquent\\Concerns\\GuardsAttributes.php(155): Illuminate\\Database\\Console\\Seeds\\SeedCommand->Illuminate\\Database\\Console\\Seeds\\{closure}()
#25 C:\\Users\\Administrateur\\Desktop\\m2i-learning\\vendor\\laravel\\framework\\src\\Illuminate\\Database\\Console\\Seeds\\SeedCommand.php(69): Illuminate\\Database\\Eloquent\\Model::unguarded()
#26 C:\\Users\\Administrateur\\Desktop\\m2i-learning\\vendor\\laravel\\framework\\src\\Illuminate\\Container\\BoundMethod.php(36): Illuminate\\Database\\Console\\Seeds\\SeedCommand->handle()
#27 C:\\Users\\Administrateur\\Desktop\\m2i-learning\\vendor\\laravel\\framework\\src\\Illuminate\\Container\\Util.php(41): Illuminate\\Container\\BoundMethod::Illuminate\\Container\\{closure}()
#28 C:\\Users\\Administrateur\\Desktop\\m2i-learning\\vendor\\laravel\\framework\\src\\Illuminate\\Container\\BoundMethod.php(93): Illuminate\\Container\\Util::unwrapIfClosure()
#29 C:\\Users\\Administrateur\\Desktop\\m2i-learning\\vendor\\laravel\\framework\\src\\Illuminate\\Container\\BoundMethod.php(35): Illuminate\\Container\\BoundMethod::callBoundMethod()
#30 C:\\Users\\Administrateur\\Desktop\\m2i-learning\\vendor\\laravel\\framework\\src\\Illuminate\\Container\\Container.php(662): Illuminate\\Container\\BoundMethod::call()
#31 C:\\Users\\Administrateur\\Desktop\\m2i-learning\\vendor\\laravel\\framework\\src\\Illuminate\\Console\\Command.php(212): Illuminate\\Container\\Container->call()
#32 C:\\Users\\Administrateur\\Desktop\\m2i-learning\\vendor\\symfony\\console\\Command\\Command.php(279): Illuminate\\Console\\Command->execute()
#33 C:\\Users\\Administrateur\\Desktop\\m2i-learning\\vendor\\laravel\\framework\\src\\Illuminate\\Console\\Command.php(181): Symfony\\Component\\Console\\Command\\Command->run()
#34 C:\\Users\\Administrateur\\Desktop\\m2i-learning\\vendor\\symfony\\console\\Application.php(1049): Illuminate\\Console\\Command->run()
#35 C:\\Users\\Administrateur\\Desktop\\m2i-learning\\vendor\\symfony\\console\\Application.php(318): Symfony\\Component\\Console\\Application->doRunCommand()
#36 C:\\Users\\Administrateur\\Desktop\\m2i-learning\\vendor\\symfony\\console\\Application.php(169): Symfony\\Component\\Console\\Application->doRun()
#37 C:\\Users\\Administrateur\\Desktop\\m2i-learning\\vendor\\laravel\\framework\\src\\Illuminate\\Foundation\\Console\\Kernel.php(196): Symfony\\Component\\Console\\Application->run()
#38 C:\\Users\\Administrateur\\Desktop\\m2i-learning\\vendor\\laravel\\framework\\src\\Illuminate\\Foundation\\Application.php(1183): Illuminate\\Foundation\\Console\\Kernel->handle()
#39 C:\\Users\\Administrateur\\Desktop\\m2i-learning\\artisan(13): Illuminate\\Foundation\\Application->handleCommand()
#40 {main}
"} 
[2024-04-17 11:30:33] local.ERROR: Access to undeclared static property Database\Seeders\DatabaseSeeder::$password {"exception":"[object] (Error(code: 0): Access to undeclared static property Database\\Seeders\\DatabaseSeeder::$password at C:\\Users\\Administrateur\\Desktop\\m2i-learning\\database\\seeders\\DatabaseSeeder.php:25)
[stacktrace]
#0 C:\\Users\\Administrateur\\Desktop\\m2i-learning\\vendor\\laravel\\framework\\src\\Illuminate\\Container\\BoundMethod.php(36): Database\\Seeders\\DatabaseSeeder->run()
#1 C:\\Users\\Administrateur\\Desktop\\m2i-learning\\vendor\\laravel\\framework\\src\\Illuminate\\Container\\Util.php(41): Illuminate\\Container\\BoundMethod::Illuminate\\Container\\{closure}()
#2 C:\\Users\\Administrateur\\Desktop\\m2i-learning\\vendor\\laravel\\framework\\src\\Illuminate\\Container\\BoundMethod.php(93): Illuminate\\Container\\Util::unwrapIfClosure()
#3 C:\\Users\\Administrateur\\Desktop\\m2i-learning\\vendor\\laravel\\framework\\src\\Illuminate\\Container\\BoundMethod.php(35): Illuminate\\Container\\BoundMethod::callBoundMethod()
#4 C:\\Users\\Administrateur\\Desktop\\m2i-learning\\vendor\\laravel\\framework\\src\\Illuminate\\Container\\Container.php(662): Illuminate\\Container\\BoundMethod::call()
#5 C:\\Users\\Administrateur\\Desktop\\m2i-learning\\vendor\\laravel\\framework\\src\\Illuminate\\Database\\Seeder.php(184): Illuminate\\Container\\Container->call()
#6 C:\\Users\\Administrateur\\Desktop\\m2i-learning\\vendor\\laravel\\framework\\src\\Illuminate\\Database\\Seeder.php(193): Illuminate\\Database\\Seeder->Illuminate\\Database\\{closure}()
#7 C:\\Users\\Administrateur\\Desktop\\m2i-learning\\vendor\\laravel\\framework\\src\\Illuminate\\Database\\Console\\Seeds\\SeedCommand.php(70): Illuminate\\Database\\Seeder->__invoke()
#8 C:\\Users\\Administrateur\\Desktop\\m2i-learning\\vendor\\laravel\\framework\\src\\Illuminate\\Database\\Eloquent\\Concerns\\GuardsAttributes.php(155): Illuminate\\Database\\Console\\Seeds\\SeedCommand->Illuminate\\Database\\Console\\Seeds\\{closure}()
#9 C:\\Users\\Administrateur\\Desktop\\m2i-learning\\vendor\\laravel\\framework\\src\\Illuminate\\Database\\Console\\Seeds\\SeedCommand.php(69): Illuminate\\Database\\Eloquent\\Model::unguarded()
#10 C:\\Users\\Administrateur\\Desktop\\m2i-learning\\vendor\\laravel\\framework\\src\\Illuminate\\Container\\BoundMethod.php(36): Illuminate\\Database\\Console\\Seeds\\SeedCommand->handle()
#11 C:\\Users\\Administrateur\\Desktop\\m2i-learning\\vendor\\laravel\\framework\\src\\Illuminate\\Container\\Util.php(41): Illuminate\\Container\\BoundMethod::Illuminate\\Container\\{closure}()
#12 C:\\Users\\Administrateur\\Desktop\\m2i-learning\\vendor\\laravel\\framework\\src\\Illuminate\\Container\\BoundMethod.php(93): Illuminate\\Container\\Util::unwrapIfClosure()
#13 C:\\Users\\Administrateur\\Desktop\\m2i-learning\\vendor\\laravel\\framework\\src\\Illuminate\\Container\\BoundMethod.php(35): Illuminate\\Container\\BoundMethod::callBoundMethod()
#14 C:\\Users\\Administrateur\\Desktop\\m2i-learning\\vendor\\laravel\\framework\\src\\Illuminate\\Container\\Container.php(662): Illuminate\\Container\\BoundMethod::call()
#15 C:\\Users\\Administrateur\\Desktop\\m2i-learning\\vendor\\laravel\\framework\\src\\Illuminate\\Console\\Command.php(212): Illuminate\\Container\\Container->call()
#16 C:\\Users\\Administrateur\\Desktop\\m2i-learning\\vendor\\symfony\\console\\Command\\Command.php(279): Illuminate\\Console\\Command->execute()
#17 C:\\Users\\Administrateur\\Desktop\\m2i-learning\\vendor\\laravel\\framework\\src\\Illuminate\\Console\\Command.php(181): Symfony\\Component\\Console\\Command\\Command->run()
#18 C:\\Users\\Administrateur\\Desktop\\m2i-learning\\vendor\\symfony\\console\\Application.php(1049): Illuminate\\Console\\Command->run()
#19 C:\\Users\\Administrateur\\Desktop\\m2i-learning\\vendor\\symfony\\console\\Application.php(318): Symfony\\Component\\Console\\Application->doRunCommand()
#20 C:\\Users\\Administrateur\\Desktop\\m2i-learning\\vendor\\symfony\\console\\Application.php(169): Symfony\\Component\\Console\\Application->doRun()
#21 C:\\Users\\Administrateur\\Desktop\\m2i-learning\\vendor\\laravel\\framework\\src\\Illuminate\\Foundation\\Console\\Kernel.php(196): Symfony\\Component\\Console\\Application->run()
#22 C:\\Users\\Administrateur\\Desktop\\m2i-learning\\vendor\\laravel\\framework\\src\\Illuminate\\Foundation\\Application.php(1183): Illuminate\\Foundation\\Console\\Kernel->handle()
#23 C:\\Users\\Administrateur\\Desktop\\m2i-learning\\artisan(13): Illuminate\\Foundation\\Application->handleCommand()
#24 {main}
"} 
[2024-04-17 11:31:07] local.ERROR: SQLSTATE[23000]: Integrity constraint violation: 1062 Duplicate entry 'natalia@utopios.solutions' for key 'users.users_email_unique' (Connection: mysql, SQL: insert into `users` (`name`, `email`, `email_verified_at`, `password`, `remember_token`, `updated_at`, `created_at`) values (arthur, natalia@utopios.solutions, 2024-04-17 11:31:07, $2y$12$0QPw2CUKCo6egcW0Wr/jfujKXeSAxrOaj/2E3PJkXAr8JAeNtNyRO, 0ySEq3qI03, 2024-04-17 11:31:07, 2024-04-17 11:31:07)) {"exception":"[object] (Illuminate\\Database\\UniqueConstraintViolationException(code: 23000): SQLSTATE[23000]: Integrity constraint violation: 1062 Duplicate entry 'natalia@utopios.solutions' for key 'users.users_email_unique' (Connection: mysql, SQL: insert into `users` (`name`, `email`, `email_verified_at`, `password`, `remember_token`, `updated_at`, `created_at`) values (arthur, natalia@utopios.solutions, 2024-04-17 11:31:07, $2y$12$0QPw2CUKCo6egcW0Wr/jfujKXeSAxrOaj/2E3PJkXAr8JAeNtNyRO, 0ySEq3qI03, 2024-04-17 11:31:07, 2024-04-17 11:31:07)) at C:\\Users\\Administrateur\\Desktop\\m2i-learning\\vendor\\laravel\\framework\\src\\Illuminate\\Database\\Connection.php:808)
[stacktrace]
#0 C:\\Users\\Administrateur\\Desktop\\m2i-learning\\vendor\\laravel\\framework\\src\\Illuminate\\Database\\Connection.php(767): Illuminate\\Database\\Connection->runQueryCallback()
#1 C:\\Users\\Administrateur\\Desktop\\m2i-learning\\vendor\\laravel\\framework\\src\\Illuminate\\Database\\Connection.php(560): Illuminate\\Database\\Connection->run()
#2 C:\\Users\\Administrateur\\Desktop\\m2i-learning\\vendor\\laravel\\framework\\src\\Illuminate\\Database\\Connection.php(524): Illuminate\\Database\\Connection->statement()
#3 C:\\Users\\Administrateur\\Desktop\\m2i-learning\\vendor\\laravel\\framework\\src\\Illuminate\\Database\\Query\\Processors\\Processor.php(32): Illuminate\\Database\\Connection->insert()
#4 C:\\Users\\Administrateur\\Desktop\\m2i-learning\\vendor\\laravel\\framework\\src\\Illuminate\\Database\\Query\\Builder.php(3561): Illuminate\\Database\\Query\\Processors\\Processor->processInsertGetId()
#5 C:\\Users\\Administrateur\\Desktop\\m2i-learning\\vendor\\laravel\\framework\\src\\Illuminate\\Database\\Eloquent\\Builder.php(1971): Illuminate\\Database\\Query\\Builder->insertGetId()
#6 C:\\Users\\Administrateur\\Desktop\\m2i-learning\\vendor\\laravel\\framework\\src\\Illuminate\\Database\\Eloquent\\Model.php(1338): Illuminate\\Database\\Eloquent\\Builder->__call()
#7 C:\\Users\\Administrateur\\Desktop\\m2i-learning\\vendor\\laravel\\framework\\src\\Illuminate\\Database\\Eloquent\\Model.php(1303): Illuminate\\Database\\Eloquent\\Model->insertAndSetId()
#8 C:\\Users\\Administrateur\\Desktop\\m2i-learning\\vendor\\laravel\\framework\\src\\Illuminate\\Database\\Eloquent\\Model.php(1142): Illuminate\\Database\\Eloquent\\Model->performInsert()
#9 C:\\Users\\Administrateur\\Desktop\\m2i-learning\\vendor\\laravel\\framework\\src\\Illuminate\\Database\\Eloquent\\Factories\\Factory.php(338): Illuminate\\Database\\Eloquent\\Model->save()
#10 C:\\Users\\Administrateur\\Desktop\\m2i-learning\\vendor\\laravel\\framework\\src\\Illuminate\\Collections\\Traits\\EnumeratesValues.php(236): Illuminate\\Database\\Eloquent\\Factories\\Factory->Illuminate\\Database\\Eloquent\\Factories\\{closure}()
#11 C:\\Users\\Administrateur\\Desktop\\m2i-learning\\vendor\\laravel\\framework\\src\\Illuminate\\Database\\Eloquent\\Factories\\Factory.php(333): Illuminate\\Support\\Collection->each()
#12 C:\\Users\\Administrateur\\Desktop\\m2i-learning\\vendor\\laravel\\framework\\src\\Illuminate\\Database\\Eloquent\\Factories\\Factory.php(291): Illuminate\\Database\\Eloquent\\Factories\\Factory->store()
#13 C:\\Users\\Administrateur\\Desktop\\m2i-learning\\database\\seeders\\DatabaseSeeder.php(21): Illuminate\\Database\\Eloquent\\Factories\\Factory->create()
#14 C:\\Users\\Administrateur\\Desktop\\m2i-learning\\vendor\\laravel\\framework\\src\\Illuminate\\Container\\BoundMethod.php(36): Database\\Seeders\\DatabaseSeeder->run()
#15 C:\\Users\\Administrateur\\Desktop\\m2i-learning\\vendor\\laravel\\framework\\src\\Illuminate\\Container\\Util.php(41): Illuminate\\Container\\BoundMethod::Illuminate\\Container\\{closure}()
#16 C:\\Users\\Administrateur\\Desktop\\m2i-learning\\vendor\\laravel\\framework\\src\\Illuminate\\Container\\BoundMethod.php(93): Illuminate\\Container\\Util::unwrapIfClosure()
#17 C:\\Users\\Administrateur\\Desktop\\m2i-learning\\vendor\\laravel\\framework\\src\\Illuminate\\Container\\BoundMethod.php(35): Illuminate\\Container\\BoundMethod::callBoundMethod()
#18 C:\\Users\\Administrateur\\Desktop\\m2i-learning\\vendor\\laravel\\framework\\src\\Illuminate\\Container\\Container.php(662): Illuminate\\Container\\BoundMethod::call()
#19 C:\\Users\\Administrateur\\Desktop\\m2i-learning\\vendor\\laravel\\framework\\src\\Illuminate\\Database\\Seeder.php(184): Illuminate\\Container\\Container->call()
#20 C:\\Users\\Administrateur\\Desktop\\m2i-learning\\vendor\\laravel\\framework\\src\\Illuminate\\Database\\Seeder.php(193): Illuminate\\Database\\Seeder->Illuminate\\Database\\{closure}()
#21 C:\\Users\\Administrateur\\Desktop\\m2i-learning\\vendor\\laravel\\framework\\src\\Illuminate\\Database\\Console\\Seeds\\SeedCommand.php(70): Illuminate\\Database\\Seeder->__invoke()
#22 C:\\Users\\Administrateur\\Desktop\\m2i-learning\\vendor\\laravel\\framework\\src\\Illuminate\\Database\\Eloquent\\Concerns\\GuardsAttributes.php(155): Illuminate\\Database\\Console\\Seeds\\SeedCommand->Illuminate\\Database\\Console\\Seeds\\{closure}()
#23 C:\\Users\\Administrateur\\Desktop\\m2i-learning\\vendor\\laravel\\framework\\src\\Illuminate\\Database\\Console\\Seeds\\SeedCommand.php(69): Illuminate\\Database\\Eloquent\\Model::unguarded()
#24 C:\\Users\\Administrateur\\Desktop\\m2i-learning\\vendor\\laravel\\framework\\src\\Illuminate\\Container\\BoundMethod.php(36): Illuminate\\Database\\Console\\Seeds\\SeedCommand->handle()
#25 C:\\Users\\Administrateur\\Desktop\\m2i-learning\\vendor\\laravel\\framework\\src\\Illuminate\\Container\\Util.php(41): Illuminate\\Container\\BoundMethod::Illuminate\\Container\\{closure}()
#26 C:\\Users\\Administrateur\\Desktop\\m2i-learning\\vendor\\laravel\\framework\\src\\Illuminate\\Container\\BoundMethod.php(93): Illuminate\\Container\\Util::unwrapIfClosure()
#27 C:\\Users\\Administrateur\\Desktop\\m2i-learning\\vendor\\laravel\\framework\\src\\Illuminate\\Container\\BoundMethod.php(35): Illuminate\\Container\\BoundMethod::callBoundMethod()
#28 C:\\Users\\Administrateur\\Desktop\\m2i-learning\\vendor\\laravel\\framework\\src\\Illuminate\\Container\\Container.php(662): Illuminate\\Container\\BoundMethod::call()
#29 C:\\Users\\Administrateur\\Desktop\\m2i-learning\\vendor\\laravel\\framework\\src\\Illuminate\\Console\\Command.php(212): Illuminate\\Container\\Container->call()
#30 C:\\Users\\Administrateur\\Desktop\\m2i-learning\\vendor\\symfony\\console\\Command\\Command.php(279): Illuminate\\Console\\Command->execute()
#31 C:\\Users\\Administrateur\\Desktop\\m2i-learning\\vendor\\laravel\\framework\\src\\Illuminate\\Console\\Command.php(181): Symfony\\Component\\Console\\Command\\Command->run()
#32 C:\\Users\\Administrateur\\Desktop\\m2i-learning\\vendor\\symfony\\console\\Application.php(1049): Illuminate\\Console\\Command->run()
#33 C:\\Users\\Administrateur\\Desktop\\m2i-learning\\vendor\\symfony\\console\\Application.php(318): Symfony\\Component\\Console\\Application->doRunCommand()
#34 C:\\Users\\Administrateur\\Desktop\\m2i-learning\\vendor\\symfony\\console\\Application.php(169): Symfony\\Component\\Console\\Application->doRun()
#35 C:\\Users\\Administrateur\\Desktop\\m2i-learning\\vendor\\laravel\\framework\\src\\Illuminate\\Foundation\\Console\\Kernel.php(196): Symfony\\Component\\Console\\Application->run()
#36 C:\\Users\\Administrateur\\Desktop\\m2i-learning\\vendor\\laravel\\framework\\src\\Illuminate\\Foundation\\Application.php(1183): Illuminate\\Foundation\\Console\\Kernel->handle()
#37 C:\\Users\\Administrateur\\Desktop\\m2i-learning\\artisan(13): Illuminate\\Foundation\\Application->handleCommand()
#38 {main}

[previous exception] [object] (PDOException(code: 23000): SQLSTATE[23000]: Integrity constraint violation: 1062 Duplicate entry 'natalia@utopios.solutions' for key 'users.users_email_unique' at C:\\Users\\Administrateur\\Desktop\\m2i-learning\\vendor\\laravel\\framework\\src\\Illuminate\\Database\\Connection.php:571)
[stacktrace]
#0 C:\\Users\\Administrateur\\Desktop\\m2i-learning\\vendor\\laravel\\framework\\src\\Illuminate\\Database\\Connection.php(571): PDOStatement->execute()
#1 C:\\Users\\Administrateur\\Desktop\\m2i-learning\\vendor\\laravel\\framework\\src\\Illuminate\\Database\\Connection.php(800): Illuminate\\Database\\Connection->Illuminate\\Database\\{closure}()
#2 C:\\Users\\Administrateur\\Desktop\\m2i-learning\\vendor\\laravel\\framework\\src\\Illuminate\\Database\\Connection.php(767): Illuminate\\Database\\Connection->runQueryCallback()
#3 C:\\Users\\Administrateur\\Desktop\\m2i-learning\\vendor\\laravel\\framework\\src\\Illuminate\\Database\\Connection.php(560): Illuminate\\Database\\Connection->run()
#4 C:\\Users\\Administrateur\\Desktop\\m2i-learning\\vendor\\laravel\\framework\\src\\Illuminate\\Database\\Connection.php(524): Illuminate\\Database\\Connection->statement()
#5 C:\\Users\\Administrateur\\Desktop\\m2i-learning\\vendor\\laravel\\framework\\src\\Illuminate\\Database\\Query\\Processors\\Processor.php(32): Illuminate\\Database\\Connection->insert()
#6 C:\\Users\\Administrateur\\Desktop\\m2i-learning\\vendor\\laravel\\framework\\src\\Illuminate\\Database\\Query\\Builder.php(3561): Illuminate\\Database\\Query\\Processors\\Processor->processInsertGetId()
#7 C:\\Users\\Administrateur\\Desktop\\m2i-learning\\vendor\\laravel\\framework\\src\\Illuminate\\Database\\Eloquent\\Builder.php(1971): Illuminate\\Database\\Query\\Builder->insertGetId()
#8 C:\\Users\\Administrateur\\Desktop\\m2i-learning\\vendor\\laravel\\framework\\src\\Illuminate\\Database\\Eloquent\\Model.php(1338): Illuminate\\Database\\Eloquent\\Builder->__call()
#9 C:\\Users\\Administrateur\\Desktop\\m2i-learning\\vendor\\laravel\\framework\\src\\Illuminate\\Database\\Eloquent\\Model.php(1303): Illuminate\\Database\\Eloquent\\Model->insertAndSetId()
#10 C:\\Users\\Administrateur\\Desktop\\m2i-learning\\vendor\\laravel\\framework\\src\\Illuminate\\Database\\Eloquent\\Model.php(1142): Illuminate\\Database\\Eloquent\\Model->performInsert()
#11 C:\\Users\\Administrateur\\Desktop\\m2i-learning\\vendor\\laravel\\framework\\src\\Illuminate\\Database\\Eloquent\\Factories\\Factory.php(338): Illuminate\\Database\\Eloquent\\Model->save()
#12 C:\\Users\\Administrateur\\Desktop\\m2i-learning\\vendor\\laravel\\framework\\src\\Illuminate\\Collections\\Traits\\EnumeratesValues.php(236): Illuminate\\Database\\Eloquent\\Factories\\Factory->Illuminate\\Database\\Eloquent\\Factories\\{closure}()
#13 C:\\Users\\Administrateur\\Desktop\\m2i-learning\\vendor\\laravel\\framework\\src\\Illuminate\\Database\\Eloquent\\Factories\\Factory.php(333): Illuminate\\Support\\Collection->each()
#14 C:\\Users\\Administrateur\\Desktop\\m2i-learning\\vendor\\laravel\\framework\\src\\Illuminate\\Database\\Eloquent\\Factories\\Factory.php(291): Illuminate\\Database\\Eloquent\\Factories\\Factory->store()
#15 C:\\Users\\Administrateur\\Desktop\\m2i-learning\\database\\seeders\\DatabaseSeeder.php(21): Illuminate\\Database\\Eloquent\\Factories\\Factory->create()
#16 C:\\Users\\Administrateur\\Desktop\\m2i-learning\\vendor\\laravel\\framework\\src\\Illuminate\\Container\\BoundMethod.php(36): Database\\Seeders\\DatabaseSeeder->run()
#17 C:\\Users\\Administrateur\\Desktop\\m2i-learning\\vendor\\laravel\\framework\\src\\Illuminate\\Container\\Util.php(41): Illuminate\\Container\\BoundMethod::Illuminate\\Container\\{closure}()
#18 C:\\Users\\Administrateur\\Desktop\\m2i-learning\\vendor\\laravel\\framework\\src\\Illuminate\\Container\\BoundMethod.php(93): Illuminate\\Container\\Util::unwrapIfClosure()
#19 C:\\Users\\Administrateur\\Desktop\\m2i-learning\\vendor\\laravel\\framework\\src\\Illuminate\\Container\\BoundMethod.php(35): Illuminate\\Container\\BoundMethod::callBoundMethod()
#20 C:\\Users\\Administrateur\\Desktop\\m2i-learning\\vendor\\laravel\\framework\\src\\Illuminate\\Container\\Container.php(662): Illuminate\\Container\\BoundMethod::call()
#21 C:\\Users\\Administrateur\\Desktop\\m2i-learning\\vendor\\laravel\\framework\\src\\Illuminate\\Database\\Seeder.php(184): Illuminate\\Container\\Container->call()
#22 C:\\Users\\Administrateur\\Desktop\\m2i-learning\\vendor\\laravel\\framework\\src\\Illuminate\\Database\\Seeder.php(193): Illuminate\\Database\\Seeder->Illuminate\\Database\\{closure}()
#23 C:\\Users\\Administrateur\\Desktop\\m2i-learning\\vendor\\laravel\\framework\\src\\Illuminate\\Database\\Console\\Seeds\\SeedCommand.php(70): Illuminate\\Database\\Seeder->__invoke()
#24 C:\\Users\\Administrateur\\Desktop\\m2i-learning\\vendor\\laravel\\framework\\src\\Illuminate\\Database\\Eloquent\\Concerns\\GuardsAttributes.php(155): Illuminate\\Database\\Console\\Seeds\\SeedCommand->Illuminate\\Database\\Console\\Seeds\\{closure}()
#25 C:\\Users\\Administrateur\\Desktop\\m2i-learning\\vendor\\laravel\\framework\\src\\Illuminate\\Database\\Console\\Seeds\\SeedCommand.php(69): Illuminate\\Database\\Eloquent\\Model::unguarded()
#26 C:\\Users\\Administrateur\\Desktop\\m2i-learning\\vendor\\laravel\\framework\\src\\Illuminate\\Container\\BoundMethod.php(36): Illuminate\\Database\\Console\\Seeds\\SeedCommand->handle()
#27 C:\\Users\\Administrateur\\Desktop\\m2i-learning\\vendor\\laravel\\framework\\src\\Illuminate\\Container\\Util.php(41): Illuminate\\Container\\BoundMethod::Illuminate\\Container\\{closure}()
#28 C:\\Users\\Administrateur\\Desktop\\m2i-learning\\vendor\\laravel\\framework\\src\\Illuminate\\Container\\BoundMethod.php(93): Illuminate\\Container\\Util::unwrapIfClosure()
#29 C:\\Users\\Administrateur\\Desktop\\m2i-learning\\vendor\\laravel\\framework\\src\\Illuminate\\Container\\BoundMethod.php(35): Illuminate\\Container\\BoundMethod::callBoundMethod()
#30 C:\\Users\\Administrateur\\Desktop\\m2i-learning\\vendor\\laravel\\framework\\src\\Illuminate\\Container\\Container.php(662): Illuminate\\Container\\BoundMethod::call()
#31 C:\\Users\\Administrateur\\Desktop\\m2i-learning\\vendor\\laravel\\framework\\src\\Illuminate\\Console\\Command.php(212): Illuminate\\Container\\Container->call()
#32 C:\\Users\\Administrateur\\Desktop\\m2i-learning\\vendor\\symfony\\console\\Command\\Command.php(279): Illuminate\\Console\\Command->execute()
#33 C:\\Users\\Administrateur\\Desktop\\m2i-learning\\vendor\\laravel\\framework\\src\\Illuminate\\Console\\Command.php(181): Symfony\\Component\\Console\\Command\\Command->run()
#34 C:\\Users\\Administrateur\\Desktop\\m2i-learning\\vendor\\symfony\\console\\Application.php(1049): Illuminate\\Console\\Command->run()
#35 C:\\Users\\Administrateur\\Desktop\\m2i-learning\\vendor\\symfony\\console\\Application.php(318): Symfony\\Component\\Console\\Application->doRunCommand()
#36 C:\\Users\\Administrateur\\Desktop\\m2i-learning\\vendor\\symfony\\console\\Application.php(169): Symfony\\Component\\Console\\Application->doRun()
#37 C:\\Users\\Administrateur\\Desktop\\m2i-learning\\vendor\\laravel\\framework\\src\\Illuminate\\Foundation\\Console\\Kernel.php(196): Symfony\\Component\\Console\\Application->run()
#38 C:\\Users\\Administrateur\\Desktop\\m2i-learning\\vendor\\laravel\\framework\\src\\Illuminate\\Foundation\\Application.php(1183): Illuminate\\Foundation\\Console\\Kernel->handle()
#39 C:\\Users\\Administrateur\\Desktop\\m2i-learning\\artisan(13): Illuminate\\Foundation\\Application->handleCommand()
#40 {main}
"} 
